[2017-09-26 14:35:27:692] [org.springframework.test.context.support.DefaultTestContextBootstrapper] [256] INFO [Loaded default TestExecutionListener class names from location [META-INF/spring.factories]: [org.springframework.test.context.web.ServletTestExecutionListener, org.springframework.test.context.support.DependencyInjectionTestExecutionListener, org.springframework.test.context.support.DirtiesContextTestExecutionListener, org.springframework.test.context.transaction.TransactionalTestExecutionListener, org.springframework.test.context.jdbc.SqlScriptsTestExecutionListener]]
[2017-09-26 14:35:27:706] [org.springframework.test.context.support.DefaultTestContextBootstrapper] [182] INFO [Using TestExecutionListeners: [org.springframework.test.context.web.ServletTestExecutionListener@5ae9a829, org.springframework.test.context.support.DependencyInjectionTestExecutionListener@6d8a00e3, org.springframework.test.context.support.DirtiesContextTestExecutionListener@548b7f67, org.springframework.test.context.transaction.TransactionalTestExecutionListener@7ac7a4e4, org.springframework.test.context.jdbc.SqlScriptsTestExecutionListener@6d78f375]]
[2017-09-26 14:35:27:817] [org.springframework.beans.factory.xml.XmlBeanDefinitionReader] [317] INFO [Loading XML bean definitions from class path resource [mybatis-spring.xml]]
[2017-09-26 14:35:28:020] [org.springframework.beans.factory.xml.XmlBeanDefinitionReader] [317] INFO [Loading XML bean definitions from class path resource [applicationContext-ehcache.xml]]
[2017-09-26 14:35:28:081] [org.springframework.context.support.GenericApplicationContext] [510] INFO [Refreshing org.springframework.context.support.GenericApplicationContext@6500df86: startup date [Tue Sep 26 14:35:28 CST 2017]; root of context hierarchy]
[2017-09-26 14:35:28:323] [org.springframework.beans.factory.config.PropertyPlaceholderConfigurer] [172] INFO [Loading properties file from class path resource [jdbc.properties]]
[2017-09-26 14:35:28:427] [org.springframework.cache.ehcache.EhCacheManagerFactoryBean] [129] INFO [Initializing EhCache CacheManager]
[2017-09-26 14:35:29:154] [org.springframework.context.ApplicationContextAware] [18] INFO [*******************INIT***************************************]
[2017-09-26 14:35:29:480] [com.wangcc.test.properties.TestConfig] [24] INFO [{"connectors":[{"port":8088,"protocol":"HTTP/1.1"},{"port":8089,"protocol":"AJP"}],"name":"Kitty"}]
[2017-09-26 14:35:29:486] [com.wangcc.test.properties.TestConfig] [25] INFO [{"port":8005,"services":[{"connectors":[{"port":8088,"protocol":"HTTP/1.1"},{"port":8089,"protocol":"AJP"}],"name":"Kitty"}],"shutDown":"SHUTDOWN"}]
[2017-09-26 14:35:29:491] [org.springframework.context.support.GenericApplicationContext] [862] INFO [Closing org.springframework.context.support.GenericApplicationContext@6500df86: startup date [Tue Sep 26 14:35:28 CST 2017]; root of context hierarchy]
[2017-09-26 14:35:29:495] [org.springframework.cache.ehcache.EhCacheManagerFactoryBean] [181] INFO [Shutting down EhCache CacheManager]
[2017-09-26 15:09:12:898] [org.springframework.test.context.support.DefaultTestContextBootstrapper] [256] INFO [Loaded default TestExecutionListener class names from location [META-INF/spring.factories]: [org.springframework.test.context.web.ServletTestExecutionListener, org.springframework.test.context.support.DependencyInjectionTestExecutionListener, org.springframework.test.context.support.DirtiesContextTestExecutionListener, org.springframework.test.context.transaction.TransactionalTestExecutionListener, org.springframework.test.context.jdbc.SqlScriptsTestExecutionListener]]
[2017-09-26 15:09:12:944] [org.springframework.test.context.support.DefaultTestContextBootstrapper] [182] INFO [Using TestExecutionListeners: [org.springframework.test.context.web.ServletTestExecutionListener@4de8b406, org.springframework.test.context.support.DependencyInjectionTestExecutionListener@3c756e4d, org.springframework.test.context.support.DirtiesContextTestExecutionListener@7c0e2abd, org.springframework.test.context.transaction.TransactionalTestExecutionListener@48eff760, org.springframework.test.context.jdbc.SqlScriptsTestExecutionListener@402f32ff]]
[2017-09-26 15:09:13:247] [org.springframework.beans.factory.xml.XmlBeanDefinitionReader] [317] INFO [Loading XML bean definitions from class path resource [mybatis-spring.xml]]
[2017-09-26 15:09:13:843] [org.springframework.beans.factory.xml.XmlBeanDefinitionReader] [317] INFO [Loading XML bean definitions from class path resource [applicationContext-ehcache.xml]]
[2017-09-26 15:09:13:943] [org.springframework.context.support.GenericApplicationContext] [510] INFO [Refreshing org.springframework.context.support.GenericApplicationContext@5f341870: startup date [Tue Sep 26 15:09:13 CST 2017]; root of context hierarchy]
[2017-09-26 15:09:14:435] [org.springframework.beans.factory.config.PropertyPlaceholderConfigurer] [172] INFO [Loading properties file from class path resource [jdbc.properties]]
[2017-09-26 15:09:14:682] [org.springframework.cache.ehcache.EhCacheManagerFactoryBean] [129] INFO [Initializing EhCache CacheManager]
[2017-09-26 15:09:16:855] [org.springframework.context.ApplicationContextAware] [18] INFO [*******************INIT***************************************]
[2017-09-26 15:09:17:291] [com.wangcc.test.properties.TestConfig] [24] INFO [{"connectors":[{"port":8088,"protocol":"HTTP/1.1"},{"port":8089,"protocol":"AJP"}],"name":"Kitty"}]
[2017-09-26 15:09:17:295] [com.wangcc.test.properties.TestConfig] [25] INFO [{"port":8005,"services":[{"connectors":[{"port":8088,"protocol":"HTTP/1.1"},{"port":8089,"protocol":"AJP"}],"name":"Kitty"}],"shutDown":"SHUTDOWN"}]
[2017-09-26 15:09:17:300] [org.springframework.context.support.GenericApplicationContext] [862] INFO [Closing org.springframework.context.support.GenericApplicationContext@5f341870: startup date [Tue Sep 26 15:09:13 CST 2017]; root of context hierarchy]
[2017-09-26 15:09:17:304] [org.springframework.cache.ehcache.EhCacheManagerFactoryBean] [181] INFO [Shutting down EhCache CacheManager]
