[2017-10-10 15:46:31:008] [org.springframework.test.context.support.DefaultTestContextBootstrapper] [256] INFO [Loaded default TestExecutionListener class names from location [META-INF/spring.factories]: [org.springframework.test.context.web.ServletTestExecutionListener, org.springframework.test.context.support.DependencyInjectionTestExecutionListener, org.springframework.test.context.support.DirtiesContextTestExecutionListener, org.springframework.test.context.transaction.TransactionalTestExecutionListener, org.springframework.test.context.jdbc.SqlScriptsTestExecutionListener]]
[2017-10-10 15:46:31:134] [org.springframework.test.context.support.DefaultTestContextBootstrapper] [182] INFO [Using TestExecutionListeners: [org.springframework.test.context.web.ServletTestExecutionListener@7c0e2abd, org.springframework.test.context.support.DependencyInjectionTestExecutionListener@48eff760, org.springframework.test.context.support.DirtiesContextTestExecutionListener@402f32ff, org.springframework.test.context.transaction.TransactionalTestExecutionListener@573f2bb1, org.springframework.test.context.jdbc.SqlScriptsTestExecutionListener@5ae9a829]]
[2017-10-10 15:46:31:335] [org.springframework.beans.factory.xml.XmlBeanDefinitionReader] [317] INFO [Loading XML bean definitions from class path resource [mybatis-spring.xml]]
[2017-10-10 15:46:32:179] [org.springframework.beans.factory.xml.XmlBeanDefinitionReader] [317] INFO [Loading XML bean definitions from class path resource [applicationContext-ehcache.xml]]
[2017-10-10 15:46:32:311] [org.springframework.context.support.GenericApplicationContext] [510] INFO [Refreshing org.springframework.context.support.GenericApplicationContext@6d4b1c02: startup date [Tue Oct 10 15:46:32 CST 2017]; root of context hierarchy]
[2017-10-10 15:46:32:625] [org.springframework.beans.factory.config.PropertyPlaceholderConfigurer] [172] INFO [Loading properties file from class path resource [jdbc.properties]]
[2017-10-10 15:46:32:748] [org.springframework.cache.ehcache.EhCacheManagerFactoryBean] [129] INFO [Initializing EhCache CacheManager]
[2017-10-10 15:46:36:267] [org.springframework.context.ApplicationContextAware] [18] INFO [*******************INIT***************************************]
[2017-10-10 15:46:37:883] [com.wangcc.test.SpringMybatisTest] [44] INFO [{"age":23,"name":"ddd","teamId":34}]
[2017-10-10 15:46:37:886] [org.springframework.context.support.GenericApplicationContext] [862] INFO [Closing org.springframework.context.support.GenericApplicationContext@6d4b1c02: startup date [Tue Oct 10 15:46:32 CST 2017]; root of context hierarchy]
[2017-10-10 15:46:37:914] [org.springframework.cache.ehcache.EhCacheManagerFactoryBean] [181] INFO [Shutting down EhCache CacheManager]
[2017-10-10 15:52:35:104] [org.springframework.web.context.ContextLoader] [285] INFO [Root WebApplicationContext: initialization started]
[2017-10-10 15:52:35:247] [org.springframework.web.context.support.XmlWebApplicationContext] [510] INFO [Refreshing Root WebApplicationContext: startup date [Tue Oct 10 15:52:35 CST 2017]; root of context hierarchy]
[2017-10-10 15:52:35:342] [org.springframework.beans.factory.xml.XmlBeanDefinitionReader] [317] INFO [Loading XML bean definitions from class path resource [mybatis-spring.xml]]
[2017-10-10 15:52:35:998] [org.springframework.beans.factory.xml.XmlBeanDefinitionReader] [317] INFO [Loading XML bean definitions from class path resource [applicationContext-ehcache.xml]]
[2017-10-10 15:52:36:199] [org.springframework.beans.factory.config.PropertyPlaceholderConfigurer] [172] INFO [Loading properties file from class path resource [jdbc.properties]]
[2017-10-10 15:52:36:206] [org.springframework.beans.factory.annotation.AutowiredAnnotationBeanPostProcessor] [153] INFO [JSR-330 'javax.inject.Inject' annotation found and supported for autowiring]
[2017-10-10 15:52:36:256] [org.springframework.cache.ehcache.EhCacheManagerFactoryBean] [129] INFO [Initializing EhCache CacheManager]
[2017-10-10 15:52:37:431] [org.springframework.context.ApplicationContextAware] [18] INFO [*******************INIT***************************************]
[2017-10-10 15:52:37:547] [org.springframework.web.context.ContextLoader] [325] INFO [Root WebApplicationContext: initialization completed in 2411 ms]
[2017-10-10 15:52:37:626] [org.springframework.web.servlet.DispatcherServlet] [484] INFO [FrameworkServlet 'SpringMVC': initialization started]
[2017-10-10 15:52:37:629] [org.springframework.web.context.support.XmlWebApplicationContext] [510] INFO [Refreshing WebApplicationContext for namespace 'SpringMVC-servlet': startup date [Tue Oct 10 15:52:37 CST 2017]; parent: Root WebApplicationContext]
[2017-10-10 15:52:37:630] [org.springframework.beans.factory.xml.XmlBeanDefinitionReader] [317] INFO [Loading XML bean definitions from class path resource [springmvc.xml]]
[2017-10-10 15:52:37:838] [org.springframework.beans.factory.annotation.AutowiredAnnotationBeanPostProcessor] [153] INFO [JSR-330 'javax.inject.Inject' annotation found and supported for autowiring]
[2017-10-10 15:52:38:189] [org.springframework.web.servlet.mvc.method.annotation.RequestMappingHandlerMapping] [217] INFO [Mapped "{[/player],methods=[],params=[],headers=[],consumes=[],produces=[],custom=[]}" onto public org.springframework.web.servlet.ModelAndView com.wangcc.ssm.controller.PlayerController.getPlayer(java.lang.Integer)]
[2017-10-10 15:52:38:586] [org.springframework.web.servlet.mvc.method.annotation.RequestMappingHandlerAdapter] [517] INFO [Looking for @ControllerAdvice: WebApplicationContext for namespace 'SpringMVC-servlet': startup date [Tue Oct 10 15:52:37 CST 2017]; parent: Root WebApplicationContext]
[2017-10-10 15:52:38:628] [org.springframework.web.servlet.mvc.method.annotation.RequestMappingHandlerAdapter] [517] INFO [Looking for @ControllerAdvice: WebApplicationContext for namespace 'SpringMVC-servlet': startup date [Tue Oct 10 15:52:37 CST 2017]; parent: Root WebApplicationContext]
[2017-10-10 15:52:38:838] [org.springframework.web.servlet.DispatcherServlet] [503] INFO [FrameworkServlet 'SpringMVC': initialization completed in 1212 ms]
